<?xml version="1.0" encoding="UTF-8"?>
<!-- Generated by org.testng.reporters.JUnitReportReporter -->
<testsuite skipped="0" hostname="LAPTOP-6UQRT7G3" name="cucumber.fruitTest" tests="3" failures="0" timestamp="2022-05-17T21:51:25 IST" time="0.009" errors="0">
  <testcase name="evergreenTest" time="0.007" classname="cucumber.fruitTest"/>
  <system-out/>
  <testcase name="seasonalTest" time="0.001" classname="cucumber.fruitTest"/>
  <system-out/>
  <testcase name="tropicalTest" time="0.001" classname="cucumber.fruitTest"/>
  <system-out/>
</testsuite> <!-- cucumber.fruitTest -->
