<?xml version="1.0" encoding="UTF-8"?>
<!-- Generated by org.testng.reporters.JUnitReportReporter -->
<testsuite skipped="0" hostname="LAPTOP-6UQRT7G3" name="cucumber.seasons" tests="3" failures="0" timestamp="2022-05-17T22:14:24 IST" time="0.003" errors="0">
  <testcase name="summer" time="0.000" classname="cucumber.seasons"/>
  <system-out/>
  <testcase name="monsoon" time="0.003" classname="cucumber.seasons"/>
  <system-out/>
  <testcase name="winter" time="0.000" classname="cucumber.seasons"/>
  <system-out/>
</testsuite> <!-- cucumber.seasons -->
